2018-04-10 19:28:24,562 - [INFO] - from org.nd4j.linalg.factory.Nd4jBackend in main
                
Loaded [CpuBackend] backend

2018-04-10 19:28:26,565 - [INFO] - from org.nd4j.nativeblas.NativeOpsHolder in main
                
Number of threads used for NativeOps: 2

2018-04-10 19:28:27,259 - [INFO] - from org.nd4j.nativeblas.Nd4jBlas in main
                
Number of threads used for BLAS: 2

2018-04-10 19:28:27,266 - [INFO] - from org.nd4j.linalg.api.ops.executioner.DefaultOpExecutioner in main
                
Backend used: [CPU]; OS: [Mac OS X]

2018-04-10 19:28:27,266 - [INFO] - from org.nd4j.linalg.api.ops.executioner.DefaultOpExecutioner in main
                
Cores: [2]; Memory: [1.8GB];

2018-04-10 19:28:27,267 - [INFO] - from org.nd4j.linalg.api.ops.executioner.DefaultOpExecutioner in main
                
Blas vendor: [OPENBLAS]

2018-04-10 19:28:31,378 - [INFO] - from org.deeplearning4j.nn.multilayer.MultiLayerNetwork in main
                
Starting MultiLayerNetwork with WorkspaceModes set to [training: NONE; inference: SEPARATE]

2018-04-10 19:28:31,769 - [INFO] - from org.deeplearning4j.rl4j.learning.sync.SyncLearning in main
                
training starting.

2018-04-10 19:28:31,847 - [INFO] - from org.deeplearning4j.rl4j.mdp.toy.SimpleToy in main
                
[[-0.82,  5.41],  
 [-0.78,  5.14],  
 [-0.74,  4.86],  
 [-0.70,  4.59],  
 [-0.65,  4.32],  
 [-0.61,  4.05],  
 [-0.57,  3.78],  
 [-0.53,  3.51],  
 [-0.49,  3.24],  
 [-0.45,  2.97],  
 [-0.41,  2.70],  
 [-0.37,  2.43],  
 [-0.33,  2.16],  
 [-0.29,  1.89],  
 [-0.25,  1.62],  
 [-0.20,  1.35],  
 [-0.16,  1.08],  
 [-0.12,  0.81],  
 [-0.08,  0.54],  
 [-0.04,  0.27]]

2018-04-10 19:28:31,849 - [INFO] - from org.deeplearning4j.rl4j.learning.sync.qlearning.QLearning in main
                
Update target network

2018-04-10 19:28:31,876 - [INFO] - from org.deeplearning4j.rl4j.policy.EpsGreedy in main
                
EP: 0.9995 1

2018-04-10 19:28:31,912 - [INFO] - from org.deeplearning4j.rl4j.learning.sync.SyncLearning in main
                
Epoch: 1, reward: 6.0

2018-04-10 19:28:31,939 - [INFO] - from org.deeplearning4j.rl4j.mdp.toy.SimpleToy in main
                
[[-0.82,  5.41],  
 [-0.78,  5.14],  
 [-0.74,  4.86],  
 [-0.70,  4.59],  
 [-0.65,  4.32],  
 [-0.61,  4.05],  
 [-0.57,  3.78],  
 [-0.53,  3.51],  
 [-0.49,  3.24],  
 [-0.45,  2.97],  
 [-0.41,  2.70],  
 [-0.37,  2.43],  
 [-0.33,  2.16],  
 [-0.29,  1.89],  
 [-0.25,  1.62],  
 [-0.20,  1.35],  
 [-0.16,  1.08],  
 [-0.12,  0.81],  
 [-0.08,  0.54],  
 [-0.04,  0.27]]

2018-04-10 19:28:32,127 - [INFO] - from org.deeplearning4j.optimize.listeners.ScoreIterationListener in main
                
Score at iteration 0 is 3.477466041392301

2018-04-10 19:28:32,261 - [INFO] - from org.deeplearning4j.rl4j.learning.sync.SyncLearning in main
                
Epoch: 2, reward: 9.0

2018-04-10 19:28:32,267 - [INFO] - from org.deeplearning4j.rl4j.mdp.toy.SimpleToy in main
                
[[-0.26,  4.97],  
 [-0.25,  4.72],  
 [-0.23,  4.47],  
 [-0.22,  4.22],  
 [-0.21,  3.97],  
 [-0.19,  3.72],  
 [-0.18,  3.48],  
 [-0.17,  3.23],  
 [-0.15,  2.98],  
 [-0.14,  2.73],  
 [-0.12,  2.48],  
 [-0.11,  2.23],  
 [-0.10,  1.98],  
 [-0.08,  1.73],  
 [-0.07,  1.48],  
 [-0.06,  1.24],  
 [-0.04,  0.99],  
 [-0.03,  0.74],  
 [-0.01,  0.49],  
 [-0.00,  0.24]]

2018-04-10 19:28:32,608 - [INFO] - from org.deeplearning4j.rl4j.learning.sync.SyncLearning in main
                
Epoch: 3, reward: 11.0

2018-04-10 19:28:32,617 - [INFO] - from org.deeplearning4j.rl4j.mdp.toy.SimpleToy in main
                
[[1.38,  4.38],  
 [1.32,  4.16],  
 [1.25,  3.94],  
 [1.18,  3.72],  
 [1.12,  3.50],  
 [1.05,  3.28],  
 [0.98,  3.06],  
 [0.92,  2.84],  
 [0.85,  2.62],  
 [0.78,  2.40],  
 [0.72,  2.18],  
 [0.65,  1.96],  
 [0.58,  1.74],  
 [0.52,  1.52],  
 [0.45,  1.30],  
 [0.38,  1.08],  
 [0.32,  0.86],  
 [0.25,  0.64],  
 [0.18,  0.42],  
 [0.11,  0.20]]

2018-04-10 19:28:32,887 - [INFO] - from org.deeplearning4j.rl4j.learning.sync.SyncLearning in main
                
Epoch: 4, reward: 10.0

2018-04-10 19:28:32,891 - [INFO] - from org.deeplearning4j.rl4j.mdp.toy.SimpleToy in main
                
[[2.73,  4.42],  
 [2.59,  4.20],  
 [2.46,  3.98],  
 [2.33,  3.76],  
 [2.20,  3.54],  
 [2.07,  3.31],  
 [1.93,  3.09],  
 [1.80,  2.87],  
 [1.67,  2.65],  
 [1.54,  2.43],  
 [1.40,  2.20],  
 [1.27,  1.98],  
 [1.14,  1.76],  
 [1.01,  1.54],  
 [0.87,  1.32],  
 [0.74,  1.09],  
 [0.61,  0.87],  
 [0.48,  0.65],  
 [0.34,  0.43],  
 [0.21,  0.21]]

2018-04-10 19:28:32,959 - [INFO] - from org.deeplearning4j.optimize.listeners.ScoreIterationListener in main
                
Score at iteration 50 is 0.4181276504572063

2018-04-10 19:28:33,159 - [INFO] - from org.deeplearning4j.rl4j.learning.sync.SyncLearning in main
                
Epoch: 5, reward: 12.0

2018-04-10 19:28:33,185 - [INFO] - from org.deeplearning4j.rl4j.mdp.toy.SimpleToy in main
                
[[3.75,  4.64],  
 [3.57,  4.41],  
 [3.38,  4.17],  
 [3.20,  3.94],  
 [3.02,  3.71],  
 [2.84,  3.48],  
 [2.66,  3.25],  
 [2.47,  3.01],  
 [2.29,  2.78],  
 [2.11,  2.55],  
 [1.93,  2.32],  
 [1.74,  2.08],  
 [1.56,  1.85],  
 [1.38,  1.62],  
 [1.20,  1.39],  
 [1.02,  1.16],  
 [0.83,  0.92],  
 [0.65,  0.69],  
 [0.47,  0.46],  
 [0.29,  0.23]]

2018-04-10 19:28:33,185 - [INFO] - from org.deeplearning4j.rl4j.learning.sync.qlearning.QLearning in main
                
Update target network

2018-04-10 19:28:33,473 - [INFO] - from org.deeplearning4j.rl4j.learning.sync.SyncLearning in main
                
Epoch: 6, reward: 5.0

2018-04-10 19:28:33,478 - [INFO] - from org.deeplearning4j.rl4j.mdp.toy.SimpleToy in main
                
[[4.18,  4.27],  
 [3.98,  4.06],  
 [3.77,  3.84],  
 [3.57,  3.63],  
 [3.37,  3.42],  
 [3.16,  3.20],  
 [2.96,  2.99],  
 [2.75,  2.77],  
 [2.55,  2.56],  
 [2.35,  2.34],  
 [2.14,  2.13],  
 [1.94,  1.91],  
 [1.74,  1.70],  
 [1.53,  1.49],  
 [1.33,  1.27],  
 [1.13,  1.06],  
 [0.92,  0.84],  
 [0.72,  0.63],  
 [0.52,  0.41],  
 [0.31,  0.20]]

2018-04-10 19:28:33,667 - [INFO] - from org.deeplearning4j.optimize.listeners.ScoreIterationListener in main
                
Score at iteration 100 is 0.04739856081462991

2018-04-10 19:28:33,734 - [INFO] - from org.deeplearning4j.rl4j.learning.sync.SyncLearning in main
                
Epoch: 7, reward: 14.0

2018-04-10 19:28:33,740 - [INFO] - from org.deeplearning4j.rl4j.mdp.toy.SimpleToy in main
                
[[3.94,  3.59],  
 [3.74,  3.41],  
 [3.55,  3.23],  
 [3.36,  3.05],  
 [3.17,  2.87],  
 [2.98,  2.69],  
 [2.78,  2.51],  
 [2.59,  2.32],  
 [2.40,  2.14],  
 [2.21,  1.96],  
 [2.02,  1.78],  
 [1.83,  1.60],  
 [1.63,  1.42],  
 [1.44,  1.24],  
 [1.25,  1.06],  
 [1.06,  0.87],  
 [0.87,  0.69],  
 [0.68,  0.51],  
 [0.48,  0.33],  
 [0.29,  0.15]]

2018-04-10 19:28:33,938 - [INFO] - from org.deeplearning4j.rl4j.learning.sync.SyncLearning in main
                
Epoch: 8, reward: 11.0

2018-04-10 19:28:33,945 - [INFO] - from org.deeplearning4j.rl4j.mdp.toy.SimpleToy in main
                
[[3.52,  3.45],  
 [3.35,  3.28],  
 [3.18,  3.10],  
 [3.01,  2.93],  
 [2.84,  2.75],  
 [2.66,  2.58],  
 [2.49,  2.40],  
 [2.32,  2.23],  
 [2.15,  2.06],  
 [1.98,  1.88],  
 [1.81,  1.71],  
 [1.63,  1.53],  
 [1.46,  1.36],  
 [1.29,  1.19],  
 [1.12,  1.01],  
 [0.95,  0.84],  
 [0.78,  0.66],  
 [0.60,  0.49],  
 [0.43,  0.32],  
 [0.26,  0.14]]

2018-04-10 19:28:34,213 - [INFO] - from org.deeplearning4j.rl4j.learning.sync.SyncLearning in main
                
Epoch: 9, reward: 9.0

2018-04-10 19:28:34,223 - [INFO] - from org.deeplearning4j.rl4j.mdp.toy.SimpleToy in main
                
[[3.53,  3.79],  
 [3.36,  3.60],  
 [3.19,  3.41],  
 [3.02,  3.22],  
 [2.85,  3.03],  
 [2.67,  2.83],  
 [2.50,  2.64],  
 [2.33,  2.45],  
 [2.16,  2.26],  
 [1.98,  2.07],  
 [1.81,  1.88],  
 [1.64,  1.69],  
 [1.47,  1.50],  
 [1.30,  1.31],  
 [1.12,  1.12],  
 [0.95,  0.93],  
 [0.78,  0.74],  
 [0.61,  0.55],  
 [0.43,  0.36],  
 [0.26,  0.17]]

2018-04-10 19:28:34,270 - [INFO] - from org.deeplearning4j.optimize.listeners.ScoreIterationListener in main
                
Score at iteration 150 is 0.04801515823044393

2018-04-10 19:28:34,385 - [INFO] - from org.deeplearning4j.rl4j.learning.sync.SyncLearning in main
                
Epoch: 10, reward: 7.0

2018-04-10 19:28:34,390 - [INFO] - from org.deeplearning4j.rl4j.mdp.toy.SimpleToy in main
                
[[3.87,  4.25],  
 [3.68,  4.04],  
 [3.49,  3.83],  
 [3.30,  3.61],  
 [3.11,  3.40],  
 [2.92,  3.19],  
 [2.74,  2.97],  
 [2.55,  2.76],  
 [2.36,  2.55],  
 [2.17,  2.34],  
 [1.98,  2.12],  
 [1.79,  1.91],  
 [1.61,  1.70],  
 [1.42,  1.48],  
 [1.23,  1.27],  
 [1.04,  1.06],  
 [0.85,  0.85],  
 [0.66,  0.63],  
 [0.47,  0.42],  
 [0.29,  0.21]]

2018-04-10 19:28:34,390 - [INFO] - from org.deeplearning4j.rl4j.learning.sync.qlearning.QLearning in main
                
Update target network

2018-04-10 19:28:34,615 - [INFO] - from org.deeplearning4j.rl4j.learning.sync.SyncLearning in main
                
Epoch: 11, reward: 10.0

2018-04-10 19:28:34,620 - [INFO] - from org.deeplearning4j.rl4j.mdp.toy.SimpleToy in main
                
[[3.95,  3.90],  
 [3.76,  3.70],  
 [3.57,  3.51],  
 [3.37,  3.31],  
 [3.18,  3.12],  
 [2.99,  2.92],  
 [2.80,  2.72],  
 [2.60,  2.53],  
 [2.41,  2.33],  
 [2.22,  2.14],  
 [2.03,  1.94],  
 [1.83,  1.75],  
 [1.64,  1.55],  
 [1.45,  1.35],  
 [1.25,  1.16],  
 [1.06,  0.96],  
 [0.87,  0.77],  
 [0.68,  0.57],  
 [0.48,  0.38],  
 [0.29,  0.18]]

2018-04-10 19:28:34,758 - [INFO] - from org.deeplearning4j.optimize.listeners.ScoreIterationListener in main
                
Score at iteration 200 is 0.011914222356138801

2018-04-10 19:28:34,804 - [INFO] - from org.deeplearning4j.rl4j.learning.sync.SyncLearning in main
                
Epoch: 12, reward: 6.0

2018-04-10 19:28:34,809 - [INFO] - from org.deeplearning4j.rl4j.mdp.toy.SimpleToy in main
                
[[3.71,  3.58],  
 [3.52,  3.40],  
 [3.34,  3.22],  
 [3.16,  3.04],  
 [2.98,  2.86],  
 [2.80,  2.68],  
 [2.62,  2.50],  
 [2.44,  2.32],  
 [2.26,  2.14],  
 [2.08,  1.96],  
 [1.90,  1.78],  
 [1.72,  1.60],  
 [1.54,  1.42],  
 [1.36,  1.24],  
 [1.17,  1.06],  
 [0.99,  0.88],  
 [0.81,  0.70],  
 [0.63,  0.52],  
 [0.45,  0.34],  
 [0.27,  0.16]]

2018-04-10 19:28:35,030 - [INFO] - from org.deeplearning4j.rl4j.learning.sync.SyncLearning in main
                
Epoch: 13, reward: 13.0

2018-04-10 19:28:35,035 - [INFO] - from org.deeplearning4j.rl4j.mdp.toy.SimpleToy in main
                
[[3.53,  3.65],  
 [3.36,  3.46],  
 [3.19,  3.28],  
 [3.01,  3.10],  
 [2.84,  2.91],  
 [2.67,  2.73],  
 [2.50,  2.55],  
 [2.33,  2.36],  
 [2.15,  2.18],  
 [1.98,  2.00],  
 [1.81,  1.81],  
 [1.64,  1.63],  
 [1.46,  1.45],  
 [1.29,  1.26],  
 [1.12,  1.08],  
 [0.95,  0.90],  
 [0.77,  0.71],  
 [0.60,  0.53],  
 [0.43,  0.35],  
 [0.26,  0.17]]

2018-04-10 19:28:35,276 - [INFO] - from org.deeplearning4j.rl4j.learning.sync.SyncLearning in main
                
Epoch: 14, reward: 11.0

2018-04-10 19:28:35,287 - [INFO] - from org.deeplearning4j.rl4j.mdp.toy.SimpleToy in main
                
[[3.61,  3.88],  
 [3.44,  3.69],  
 [3.26,  3.49],  
 [3.09,  3.30],  
 [2.91,  3.10],  
 [2.73,  2.91],  
 [2.56,  2.71],  
 [2.38,  2.52],  
 [2.20,  2.33],  
 [2.03,  2.13],  
 [1.85,  1.94],  
 [1.67,  1.74],  
 [1.50,  1.55],  
 [1.32,  1.35],  
 [1.15,  1.16],  
 [0.97,  0.96],  
 [0.79,  0.77],  
 [0.62,  0.57],  
 [0.44,  0.38],  
 [0.26,  0.19]]

2018-04-10 19:28:35,358 - [INFO] - from org.deeplearning4j.optimize.listeners.ScoreIterationListener in main
                
Score at iteration 250 is 0.014641632978545788

2018-04-10 19:28:35,540 - [INFO] - from org.deeplearning4j.rl4j.learning.sync.SyncLearning in main
                
Epoch: 15, reward: 11.0

2018-04-10 19:28:35,543 - [INFO] - from org.deeplearning4j.rl4j.mdp.toy.SimpleToy in main
                
[[3.74,  3.88],  
 [3.55,  3.69],  
 [3.37,  3.49],  
 [3.19,  3.30],  
 [3.01,  3.11],  
 [2.83,  2.91],  
 [2.64,  2.72],  
 [2.46,  2.52],  
 [2.28,  2.33],  
 [2.10,  2.13],  
 [1.92,  1.94],  
 [1.73,  1.74],  
 [1.55,  1.55],  
 [1.37,  1.36],  
 [1.19,  1.16],  
 [1.00,  0.97],  
 [0.82,  0.77],  
 [0.64,  0.58],  
 [0.45,  0.38],  
 [0.27,  0.19]]

2018-04-10 19:28:35,543 - [INFO] - from org.deeplearning4j.rl4j.learning.sync.qlearning.QLearning in main
                
Update target network

2018-04-10 19:28:35,718 - [INFO] - from org.deeplearning4j.rl4j.learning.sync.SyncLearning in main
                
Epoch: 16, reward: 11.0

2018-04-10 19:28:35,722 - [INFO] - from org.deeplearning4j.rl4j.mdp.toy.SimpleToy in main
                
[[3.63,  3.58],  
 [3.45,  3.40],  
 [3.28,  3.22],  
 [3.10,  3.05],  
 [2.92,  2.87],  
 [2.75,  2.69],  
 [2.57,  2.51],  
 [2.39,  2.33],  
 [2.22,  2.15],  
 [2.04,  1.97],  
 [1.86,  1.79],  
 [1.69,  1.61],  
 [1.51,  1.43],  
 [1.33,  1.25],  
 [1.15,  1.07],  
 [0.98,  0.89],  
 [0.80,  0.71],  
 [0.62,  0.53],  
 [0.44,  0.35],  
 [0.26,  0.17]]

2018-04-10 19:28:35,860 - [INFO] - from org.deeplearning4j.optimize.listeners.ScoreIterationListener in main
                
Score at iteration 300 is 0.009526695571545736

2018-04-10 19:28:35,898 - [INFO] - from org.deeplearning4j.rl4j.learning.sync.SyncLearning in main
                
Epoch: 17, reward: 10.0

2018-04-10 19:28:35,900 - [INFO] - from org.deeplearning4j.rl4j.mdp.toy.SimpleToy in main
                
[[3.45,  3.45],  
 [3.28,  3.28],  
 [3.11,  3.11],  
 [2.94,  2.93],  
 [2.77,  2.76],  
 [2.61,  2.59],  
 [2.44,  2.41],  
 [2.27,  2.24],  
 [2.10,  2.07],  
 [1.93,  1.89],  
 [1.77,  1.72],  
 [1.60,  1.55],  
 [1.43,  1.37],  
 [1.26,  1.20],  
 [1.09,  1.03],  
 [0.93,  0.85],  
 [0.76,  0.68],  
 [0.59,  0.51],  
 [0.42,  0.33],  
 [0.25,  0.16]]

2018-04-10 19:28:36,109 - [INFO] - from org.deeplearning4j.rl4j.learning.sync.SyncLearning in main
                
Epoch: 18, reward: 10.0

2018-04-10 19:28:36,118 - [INFO] - from org.deeplearning4j.rl4j.mdp.toy.SimpleToy in main
                
[[3.37,  3.55],  
 [3.21,  3.38],  
 [3.05,  3.20],  
 [2.88,  3.02],  
 [2.72,  2.84],  
 [2.55,  2.66],  
 [2.39,  2.49],  
 [2.22,  2.31],  
 [2.06,  2.13],  
 [1.89,  1.95],  
 [1.73,  1.77],  
 [1.56,  1.60],  
 [1.40,  1.42],  
 [1.23,  1.24],  
 [1.07,  1.06],  
 [0.90,  0.88],  
 [0.74,  0.70],  
 [0.57,  0.52],  
 [0.41,  0.35],  
 [0.24,  0.17]]

2018-04-10 19:28:36,302 - [INFO] - from org.deeplearning4j.rl4j.learning.sync.SyncLearning in main
                
Epoch: 19, reward: 13.0

2018-04-10 19:28:36,304 - [INFO] - from org.deeplearning4j.rl4j.mdp.toy.SimpleToy in main
                
[[3.40,  3.56],  
 [3.24,  3.39],  
 [3.07,  3.21],  
 [2.90,  3.03],  
 [2.74,  2.85],  
 [2.57,  2.67],  
 [2.40,  2.49],  
 [2.24,  2.31],  
 [2.07,  2.14],  
 [1.91,  1.96],  
 [1.74,  1.78],  
 [1.57,  1.60],  
 [1.41,  1.42],  
 [1.24,  1.24],  
 [1.07,  1.06],  
 [0.91,  0.88],  
 [0.74,  0.71],  
 [0.58,  0.53],  
 [0.41,  0.35],  
 [0.24,  0.17]]

2018-04-10 19:28:36,390 - [INFO] - from org.deeplearning4j.optimize.listeners.ScoreIterationListener in main
                
Score at iteration 350 is 0.009881706691701296

2018-04-10 19:28:36,527 - [INFO] - from org.deeplearning4j.rl4j.learning.sync.SyncLearning in main
                
Epoch: 20, reward: 6.0

2018-04-10 19:28:36,532 - [INFO] - from org.deeplearning4j.rl4j.mdp.toy.SimpleToy in main
                
[[3.42,  3.55],  
 [3.26,  3.37],  
 [3.09,  3.19],  
 [2.92,  3.02],  
 [2.75,  2.84],  
 [2.59,  2.66],  
 [2.42,  2.48],  
 [2.25,  2.31],  
 [2.09,  2.13],  
 [1.92,  1.95],  
 [1.75,  1.77],  
 [1.58,  1.59],  
 [1.42,  1.42],  
 [1.25,  1.24],  
 [1.08,  1.06],  
 [0.91,  0.88],  
 [0.75,  0.70],  
 [0.58,  0.53],  
 [0.41,  0.35],  
 [0.24,  0.17]]

2018-04-10 19:28:36,532 - [INFO] - from org.deeplearning4j.rl4j.learning.sync.qlearning.QLearning in main
                
Update target network

2018-04-10 19:28:36,749 - [INFO] - from org.deeplearning4j.rl4j.learning.sync.SyncLearning in main
                
Epoch: 21, reward: 10.0

2018-04-10 19:28:36,751 - [INFO] - from org.deeplearning4j.rl4j.mdp.toy.SimpleToy in main
                
[[3.32,  3.28],  
 [3.16,  3.12],  
 [2.99,  2.95],  
 [2.83,  2.79],  
 [2.67,  2.62],  
 [2.51,  2.46],  
 [2.34,  2.29],  
 [2.18,  2.13],  
 [2.02,  1.96],  
 [1.86,  1.80],  
 [1.70,  1.63],  
 [1.53,  1.47],  
 [1.37,  1.30],  
 [1.21,  1.14],  
 [1.05,  0.97],  
 [0.88,  0.81],  
 [0.72,  0.64],  
 [0.56,  0.48],  
 [0.40,  0.32],  
 [0.23,  0.15]]

2018-04-10 19:28:36,848 - [INFO] - from org.deeplearning4j.optimize.listeners.ScoreIterationListener in main
                
Score at iteration 400 is 0.00725379786468156

2018-04-10 19:28:36,881 - [INFO] - from org.deeplearning4j.rl4j.learning.sync.SyncLearning in main
                
Epoch: 22, reward: 5.0

2018-04-10 19:28:36,884 - [INFO] - from org.deeplearning4j.rl4j.mdp.toy.SimpleToy in main
                
[[3.15,  3.16],  
 [3.00,  3.00],  
 [2.85,  2.84],  
 [2.69,  2.68],  
 [2.54,  2.52],  
 [2.38,  2.37],  
 [2.23,  2.21],  
 [2.07,  2.05],  
 [1.92,  1.89],  
 [1.76,  1.73],  
 [1.61,  1.57],  
 [1.46,  1.41],  
 [1.30,  1.25],  
 [1.15,  1.10],  
 [0.99,  0.94],  
 [0.84,  0.78],  
 [0.68,  0.62],  
 [0.53,  0.46],  
 [0.37,  0.30],  
 [0.22,  0.14]]

2018-04-10 19:28:37,101 - [INFO] - from org.deeplearning4j.rl4j.learning.sync.SyncLearning in main
                
Epoch: 23, reward: 11.0

2018-04-10 19:28:37,103 - [INFO] - from org.deeplearning4j.rl4j.mdp.toy.SimpleToy in main
                
[[3.11,  3.25],  
 [2.96,  3.09],  
 [2.80,  2.92],  
 [2.65,  2.76],  
 [2.50,  2.60],  
 [2.35,  2.43],  
 [2.20,  2.27],  
 [2.04,  2.11],  
 [1.89,  1.94],  
 [1.74,  1.78],  
 [1.59,  1.62],  
 [1.43,  1.46],  
 [1.28,  1.29],  
 [1.13,  1.13],  
 [0.98,  0.97],  
 [0.83,  0.80],  
 [0.67,  0.64],  
 [0.52,  0.48],  
 [0.37,  0.32],  
 [0.22,  0.15]]

2018-04-10 19:28:37,228 - [INFO] - from org.deeplearning4j.rl4j.learning.sync.SyncLearning in main
                
Epoch: 24, reward: 6.0

2018-04-10 19:28:37,230 - [INFO] - from org.deeplearning4j.rl4j.mdp.toy.SimpleToy in main
                
[[3.14,  3.27],  
 [2.98,  3.10],  
 [2.83,  2.94],  
 [2.68,  2.78],  
 [2.52,  2.61],  
 [2.37,  2.45],  
 [2.22,  2.29],  
 [2.06,  2.12],  
 [1.91,  1.96],  
 [1.75,  1.79],  
 [1.60,  1.63],  
 [1.45,  1.47],  
 [1.29,  1.30],  
 [1.14,  1.14],  
 [0.99,  0.97],  
 [0.83,  0.81],  
 [0.68,  0.65],  
 [0.53,  0.48],  
 [0.37,  0.32],  
 [0.22,  0.16]]

2018-04-10 19:28:37,262 - [INFO] - from org.deeplearning4j.optimize.listeners.ScoreIterationListener in main
                
Score at iteration 450 is 0.009656384444564358

2018-04-10 19:28:37,402 - [INFO] - from org.deeplearning4j.rl4j.learning.sync.SyncLearning in main
                
Epoch: 25, reward: 9.0

2018-04-10 19:28:37,405 - [INFO] - from org.deeplearning4j.rl4j.mdp.toy.SimpleToy in main
                
[[3.15,  3.25],  
 [3.00,  3.08],  
 [2.84,  2.92],  
 [2.69,  2.76],  
 [2.54,  2.60],  
 [2.38,  2.43],  
 [2.23,  2.27],  
 [2.07,  2.11],  
 [1.92,  1.95],  
 [1.76,  1.78],  
 [1.61,  1.62],  
 [1.46,  1.46],  
 [1.30,  1.29],  
 [1.15,  1.13],  
 [0.99,  0.97],  
 [0.84,  0.81],  
 [0.68,  0.64],  
 [0.53,  0.48],  
 [0.37,  0.32],  
 [0.22,  0.16]]

2018-04-10 19:28:37,405 - [INFO] - from org.deeplearning4j.rl4j.learning.sync.qlearning.QLearning in main
                
Update target network

2018-04-10 19:28:37,420 - [INFO] - from org.deeplearning4j.rl4j.policy.EpsGreedy in main
                
EP: 0.74950004 501

2018-04-10 19:28:37,573 - [INFO] - from org.deeplearning4j.rl4j.learning.sync.SyncLearning in main
                
Epoch: 26, reward: 8.0

2018-04-10 19:28:37,575 - [INFO] - from org.deeplearning4j.rl4j.mdp.toy.SimpleToy in main
                
[[3.05,  3.00],  
 [2.90,  2.84],  
 [2.75,  2.69],  
 [2.60,  2.54],  
 [2.45,  2.39],  
 [2.30,  2.24],  
 [2.15,  2.09],  
 [2.00,  1.94],  
 [1.85,  1.79],  
 [1.70,  1.64],  
 [1.55,  1.49],  
 [1.40,  1.34],  
 [1.25,  1.19],  
 [1.10,  1.04],  
 [0.96,  0.89],  
 [0.81,  0.74],  
 [0.66,  0.59],  
 [0.51,  0.44],  
 [0.36,  0.29],  
 [0.21,  0.14]]

2018-04-10 19:28:37,727 - [INFO] - from org.deeplearning4j.optimize.listeners.ScoreIterationListener in main
                
Score at iteration 500 is 0.007697012561955774

2018-04-10 19:28:37,761 - [INFO] - from org.deeplearning4j.rl4j.learning.sync.SyncLearning in main
                
Epoch: 27, reward: 9.0

2018-04-10 19:28:37,763 - [INFO] - from org.deeplearning4j.rl4j.mdp.toy.SimpleToy in main
                
[[2.90,  2.91],  
 [2.75,  2.76],  
 [2.61,  2.61],  
 [2.47,  2.47],  
 [2.33,  2.32],  
 [2.18,  2.18],  
 [2.04,  2.03],  
 [1.90,  1.88],  
 [1.76,  1.74],  
 [1.62,  1.59],  
 [1.47,  1.45],  
 [1.33,  1.30],  
 [1.19,  1.15],  
 [1.05,  1.01],  
 [0.91,  0.86],  
 [0.76,  0.72],  
 [0.62,  0.57],  
 [0.48,  0.42],  
 [0.34,  0.28],  
 [0.20,  0.13]]

2018-04-10 19:28:37,894 - [INFO] - from org.deeplearning4j.rl4j.learning.sync.SyncLearning in main
                
Epoch: 28, reward: 10.0

2018-04-10 19:28:37,896 - [INFO] - from org.deeplearning4j.rl4j.mdp.toy.SimpleToy in main
                
[[2.85,  2.98],  
 [2.71,  2.83],  
 [2.57,  2.68],  
 [2.43,  2.53],  
 [2.29,  2.38],  
 [2.15,  2.23],  
 [2.01,  2.08],  
 [1.87,  1.93],  
 [1.73,  1.78],  
 [1.59,  1.63],  
 [1.45,  1.48],  
 [1.31,  1.33],  
 [1.17,  1.18],  
 [1.03,  1.03],  
 [0.89,  0.89],  
 [0.75,  0.74],  
 [0.61,  0.59],  
 [0.47,  0.44],  
 [0.33,  0.29],  
 [0.19,  0.14]]

2018-04-10 19:28:38,098 - [INFO] - from org.deeplearning4j.rl4j.learning.sync.SyncLearning in main
                
Epoch: 29, reward: 13.0

2018-04-10 19:28:38,102 - [INFO] - from org.deeplearning4j.rl4j.mdp.toy.SimpleToy in main
                
[[2.87,  2.98],  
 [2.73,  2.83],  
 [2.59,  2.68],  
 [2.44,  2.53],  
 [2.30,  2.38],  
 [2.16,  2.23],  
 [2.02,  2.08],  
 [1.88,  1.93],  
 [1.74,  1.79],  
 [1.60,  1.64],  
 [1.46,  1.49],  
 [1.32,  1.34],  
 [1.18,  1.19],  
 [1.04,  1.04],  
 [0.90,  0.89],  
 [0.76,  0.74],  
 [0.62,  0.59],  
 [0.47,  0.44],  
 [0.33,  0.29],  
 [0.19,  0.14]]

2018-04-10 19:28:38,135 - [INFO] - from org.deeplearning4j.optimize.listeners.ScoreIterationListener in main
                
Score at iteration 550 is 0.007260032391687465

2018-04-10 19:28:38,231 - [INFO] - from org.deeplearning4j.rl4j.learning.sync.SyncLearning in main
                
Epoch: 30, reward: 10.0

2018-04-10 19:28:38,233 - [INFO] - from org.deeplearning4j.rl4j.mdp.toy.SimpleToy in main
                
[[2.86,  2.99],  
 [2.72,  2.84],  
 [2.58,  2.69],  
 [2.44,  2.54],  
 [2.30,  2.39],  
 [2.16,  2.24],  
 [2.02,  2.09],  
 [1.88,  1.94],  
 [1.74,  1.79],  
 [1.60,  1.64],  
 [1.46,  1.49],  
 [1.32,  1.34],  
 [1.18,  1.19],  
 [1.04,  1.04],  
 [0.90,  0.89],  
 [0.76,  0.74],  
 [0.62,  0.59],  
 [0.47,  0.44],  
 [0.33,  0.29],  
 [0.19,  0.14]]

2018-04-10 19:28:38,233 - [INFO] - from org.deeplearning4j.rl4j.learning.sync.qlearning.QLearning in main
                
Update target network

